<?xml version="1.0" encoding="UTF-8"?>
<!-- Generated by org.testng.reporters.JUnitXMLReporter -->
<testsuite ignored="0" hostname="ITS-D-ANHNN" failures="0" tests="4" name="Surefire test" time="2.533" errors="0" timestamp="2025-02-17T18:10:55 ICT">
  <testcase classname="ApiTest" name="testCreatePost" time="1.876"/>
  <testcase classname="ApiTest" name="testGetPosts" time="0.179"/>
  <testcase classname="ApiTest" name="testGetSpecificPost" time="0.147"/>
  <testcase classname="MyTest" name="getReq" time="0.094"/>
</testsuite> <!-- Surefire test -->
