<?xml version="1.0" encoding="UTF-8"?>
<testng-results ignored="0" total="3" passed="3" failed="0" skipped="0">
  <reporter-output>
  </reporter-output>
  <suite started-at="2025-02-17T17:49:27 ICT" name="Surefire suite" finished-at="2025-02-17T17:49:29 ICT" duration-ms="2420">
    <groups>
    </groups>
    <test started-at="2025-02-17T17:49:27 ICT" name="Surefire test" finished-at="2025-02-17T17:49:29 ICT" duration-ms="2420">
      <class name="ApiTest">
        <test-method is-config="true" signature="setup()[pri:0, instance:ApiTest@7a52f2a2]" started-at="2025-02-17T17:49:27 ICT" name="setup" finished-at="2025-02-17T17:49:27 ICT" duration-ms="224" status="PASS">
          <reporter-output>
          </reporter-output>
        </test-method> <!-- setup -->
        <test-method signature="testCreatePost()[pri:0, instance:ApiTest@7a52f2a2]" started-at="2025-02-17T17:49:27 ICT" name="testCreatePost" finished-at="2025-02-17T17:49:29 ICT" duration-ms="1843" status="PASS">
          <reporter-output>
          </reporter-output>
        </test-method> <!-- testCreatePost -->
        <test-method signature="testGetPosts()[pri:0, instance:ApiTest@7a52f2a2]" started-at="2025-02-17T17:49:29 ICT" name="testGetPosts" finished-at="2025-02-17T17:49:29 ICT" duration-ms="182" status="PASS">
          <reporter-output>
          </reporter-output>
        </test-method> <!-- testGetPosts -->
        <test-method signature="testGetSpecificPost()[pri:0, instance:ApiTest@7a52f2a2]" started-at="2025-02-17T17:49:29 ICT" name="testGetSpecificPost" finished-at="2025-02-17T17:49:29 ICT" duration-ms="147" status="PASS">
          <reporter-output>
          </reporter-output>
        </test-method> <!-- testGetSpecificPost -->
      </class> <!-- ApiTest -->
    </test> <!-- Surefire test -->
  </suite> <!-- Surefire suite -->
</testng-results>
