<?xml version="1.0" encoding="UTF-8"?>
<testng-results ignored="0" total="3" passed="3" failed="0" skipped="0">
  <reporter-output>
  </reporter-output>
  <suite started-at="2025-02-17T07:19:29 ICT" name="Surefire suite" finished-at="2025-02-17T07:19:31 ICT" duration-ms="2480">
    <groups>
    </groups>
    <test started-at="2025-02-17T07:19:29 ICT" name="Surefire test" finished-at="2025-02-17T07:19:31 ICT" duration-ms="2480">
      <class name="ApiTest">
        <test-method is-config="true" signature="setup()[pri:0, instance:ApiTest@6385cb26]" started-at="2025-02-17T07:19:29 ICT" name="setup" finished-at="2025-02-17T07:19:29 ICT" duration-ms="196" status="PASS">
          <reporter-output>
          </reporter-output>
        </test-method> <!-- setup -->
        <test-method signature="testCreatePost()[pri:0, instance:ApiTest@6385cb26]" started-at="2025-02-17T07:19:29 ICT" name="testCreatePost" finished-at="2025-02-17T07:19:31 ICT" duration-ms="1786" status="PASS">
          <reporter-output>
          </reporter-output>
        </test-method> <!-- testCreatePost -->
        <test-method signature="testGetPosts()[pri:0, instance:ApiTest@6385cb26]" started-at="2025-02-17T07:19:31 ICT" name="testGetPosts" finished-at="2025-02-17T07:19:31 ICT" duration-ms="236" status="PASS">
          <reporter-output>
          </reporter-output>
        </test-method> <!-- testGetPosts -->
        <test-method signature="testGetSpecificPost()[pri:0, instance:ApiTest@6385cb26]" started-at="2025-02-17T07:19:31 ICT" name="testGetSpecificPost" finished-at="2025-02-17T07:19:31 ICT" duration-ms="241" status="PASS">
          <reporter-output>
          </reporter-output>
        </test-method> <!-- testGetSpecificPost -->
      </class> <!-- ApiTest -->
    </test> <!-- Surefire test -->
  </suite> <!-- Surefire suite -->
</testng-results>
